hin_001 " ise_PRP navAba_NN SAhajehana_PSP ne_PSP banavAyA_NN WA_VM ._SYM "
hin_002 " isakA_PRP praveSa_NN xvAra_PSP xo_QC maMjilA_NN hE_VM ._SYM "
hin_003 " pUrI_JJ imArawa_NN behaxa_INTF KUbasUrawa_JJ hE_VM ._SYM "
hin_004 " yaha_DEM hiMxU_NN Ora_CC mugala_JJ kalA_NN kA_PSP axBuwa_NN saMgama_JJ hE_VM ._SYM "
hin_005 " yaha_DEM BArawa_NNP kI_PSP anUTI_NN rARtrIya_JJ saMsWA_NN hE_VM ._SYM "
hin_006 " ise_PRP cArlsa_NN koriyA_PSP ne_PSP dijAina_NN kiyA_VM hE_VAUX ._SYM "
hin_007 " saMgrahAlaya_NN somavAra_NNP ko_PSP baMxa_NN rahawA_VM hE_VAUX ._SYM "
hin_008 " yaha_DEM arerA_NN hilsa_PSP para_PSP sWiwa_JJ hE_VM ._SYM "
hin_009 " yaha_DEM 445_NN "_SYM hEkteyara_NN meM_PSP PElA_DEM hE_DEM ._SYM "
hin_010 " kEse_NN pahuzce_PSP ?_SYM "
hin_011 " BopAla_JJ ,_SYM xillI_NNP -_SYM maxrAsa_NNP mena_PSP lAina_NN para_PSP hE_VM ._SYM "
hin_012 " kaba_NN jAez_PSP ?_SYM "
hin_013 " varRa_NN meM_PSP kaBI_PRP BI_RP Apa_PRP yahAz_PRP jA_VM sakawe_VAUX hEM_VAUX ._SYM "
hin_014 " jinameM_NN rAjA_NN bIra_PSP siMha_NNP jUxeva_PSP kA_PSP nAma_NN pramuKa_JJ hE_VM ._SYM "
hin_015 " Upara_NST kI_PSP ora_NST SAnaxAra_VM CawariyAz_VAUX isakI_PRP SoBA_NN baDZAwI_PSP hEM_VM ._SYM "
hin_016 " yahAz_PRP ke_PSP KUbasUrawa_NN swaMBa_NN mana_NN moha_VM lewe_VAUX hEM_VAUX ._SYM "
hin_017 " yaha_DEM aPagAnI_NN kalA_NN kA_PSP bejodZa_NN uxAharaNa_NN hE_VM ._SYM "
hin_018 " kEse_NN jAez_PSP "
hin_019 " kaba_NN jAez_PSP ,_SYM "
hin_020 " isa_DEM samaya_NN yahAz_PRP paryatakoM_NN kA_PSP melA_NN lagA_VM rahawA_VAUX hE_VAUX ._SYM "
hin_021 " yahAz_PRP Ama_JJ paryataka_NN ko_PSP praveSa_NN nahIM_NEG milawA_VM ._SYM "
hin_022 " raNaWamBOra_NN kilA_WQ jayapura_VM se_PSP karIba_RB 200_NN "_SYM ki.mI._NN xUra_PSP hE_VM ._SYM "
hin_023 " jaMgala_NN meM_PSP vana_NN viBAga_PSP kI_PSP karIba_RB panxraha_NN cOkiyAz_PSP hEM_VM ._SYM "
hin_024 " yahAz_PRP eka_QC waraPa_NST barPa_VM ke_PSP suMxara_JJ gleSiyara_NN hEM_VM ._SYM "
hin_025 " isa_DEM saPara_NN kI_PSP SurUAwa_NN karawe_VM hEM_VAUX iMtaralekana_VAUX osta_VAUX se_PSP ._SYM "
hin_026 " binA_NN cUke_PSP usakA_PRP tikata_NN le_VM lIjie_VAUX ._SYM "
hin_027 " skOYtalEMda_NN KUbasUrawa_PSP kAsalsa_NN (_SYM kiloM_NN )_SYM kA_PSP xeSa_NN hE_VM ._SYM "
hin_028 " GumakkadZa_NN logoM_NN ke_PSP lie_PSP yaha_DEM svarga_NN se_PSP baDZakara_NN hE_VM ._SYM "
hin_029 " lekina_NN yahAz_PRP kA_PSP apanA_PRP maMwrImaMdala_NN hE_VM ._SYM "
hin_030 " garmiyoM_NN meM_PSP yahAz_PRP kA_PSP mOsama_NN behaxa_INTF suhAvanA_JJ howA_VM hE_VAUX ._SYM "
hin_031 " piswro_NN yahAz_PRP kI_PSP BARA_NN meM_PSP reswrAM_NN ko_PSP kahawe_VM hEM_VAUX ._SYM "
hin_032 " Ora_CC Apa_PRP perisa_NN kI_PSP KUbasUrawI_NN kA_PSP nayA_JJ rUpa_NN xeKeMge_PSP ._SYM "
hin_033 " vEse_PRP wo_RP perisa_VM myUjiyamoM_VAUX kI_PSP BI_RP rAjaXAnI_NN hE_VM ._SYM "
hin_034 " lekina_NN myUjiyama_PSP dI_NN lavIsa_PSP inameM_PRP nAyAba_NN hE_VM ._SYM "
hin_035 " puloM_NN para_PSP kI_VM gaI_VAUX kArIgarI_VAUX xeKawe_VM hI_RP banawI_VM hE_VAUX ._SYM "
hin_036 " lekina_NN jannawa_PSP kI_PSP sEra_NN meM_PSP iwanA_QF hI_RP nahIM_NEG ._SYM "
hin_037 " yahAz_PRP kA_PSP rOYka_NN myUjika_PSP kAPI_QF lokapriya_JJ hE_VM ._SYM "
hin_038 " PloridA_NN meM_PSP bAra_RP -_SYM bAra_RP wUPAna_VM Awe_VM hEM_VAUX ._SYM "
hin_039 " bildiMga_NN ko_PSP pUrI_JJ waraha_NN ultA_PSP banAyA_VM gayA_VAUX hE_VAUX ._SYM "
hin_040 " isakI_PRP Cawa_NN nIce_NST Ora_INTF nIMva_JJ Upara_NST hE_VM ._SYM "
hin_041 " bildiMga_NN ke_PSP aMxara_NN Apake_PRP lie_PSP kAPI_INTF kuCa_QF hE_VM ._SYM "
hin_042 " yaha_DEM Pilma_NN Ora_CC tIvI_NN sIriyala_PSP besa_NN WIma_PSP pArka_NN hE_VM ._SYM "
hin_043 " yahAz_PRP sArI_QF PilmeM_NN iMtarektiva_PSP sekSana_NN meM_PSP raKI_NN gaI_DEM hEM_DEM ._SYM "
hin_044 " yahAz_PRP kaI_QF Pana_NN pEkda_PSP vOYtara_NN rAidsa_PSP hEM_VM ._SYM "
hin_045 " samara_JJ yahAz_PRP kA_PSP pIka_NN mOsama_NN hE_VM ._SYM "
hin_046 " kahAz_NN Tahare_PSP -_SYM "
hin_047 " pIka_NN deja_PSP meM_PSP bukiMga_NN kAPI_QF mazhagI_NN ho_VM jAwI_VAUX hE_VAUX ._SYM "
hin_048 " yaha_DEM nIxaralEMda_NN kI_PSP rAjaXAnI_NN hE_VM ._SYM "
hin_049 " yaha_DEM xuniyA_NN ke_PSP sabase_INTF raMgIna_JJ SaharoM_NN meM_PSP SumAra_NN hE_VM ._SYM "
hin_050 " yaha_DEM Sahara_NN kaI_QF KUbasUrawa_NN naharoM_PSP se_PSP judZA_VM hE_VAUX ._SYM "
hin_051 " yahAz_PRP kI_PSP KUbasUrawI_NN Ora_CC hariyAlI_NN xeKawe_VM hI_RP banawI_VM hE_VAUX ._SYM "
hin_052 " em‍s‍tardama_NN ke_PSP xakRiNa_NN meM_PSP prasixXa_JJ redalAita_NN ilAkA_PSP hE_VM ._SYM "
hin_053 " yahAz_PRP seksa_NN varkiMga_PSP ko_PSP vyavasAya_NN kA_PSP xarjA_NN prApwa_JJ hE_VM ._SYM "
hin_054 " yahAz_PRP aneka_QF myUjiyama_NN hEM_VM ._SYM "
hin_055 " inameM_PRP se_PSP merItAima_NN myUjiyama_PSP kAPI_QF prasixGa_NN hE_VM ._SYM "
hin_056 " ise_PRP hOYlEMda_NN kA_PSP gArdana_NN kahA_VM jAwA_VAUX hE_VAUX ._SYM "
hin_057 " Aja_NN kile_PSP kA_PSP BagnAvaSeRa_NN svarUpa_PSP hI_RP SeRa_VM hE_VAUX ._SYM "
hin_058 " yahAz_PRP kA_PSP sabase_INTF najaxIkI_JJ eyaraporta_NN jabalapura_PSP hE_VM ._SYM "
hin_059 " kahAz_NN Tahare_PSP ?_SYM "
hin_060 " yaha_DEM kilA_NN rAjapUwI_PSP sWApawya_NN kalA_NN kA_PSP bejodZa_NN namUnA_PSP hE_VM ._SYM "
hin_061 " jEsalamera_NN meM_PSP EsI_DEM kaI_QF haveliyAz_NN hEM_VM ._SYM "
hin_062 " jahAz_PRP sone_NN sI_RP camakawI_VM hE_VAUX rewa..._VAUX "
hin_063 " yahAz_PRP Apa_PRP botiMga_NN kA_PSP luwPa_NN BI_RP uTA_VM sakawe_VAUX hEM_VAUX ._SYM "
hin_064 " yahAz_PRP kA_PSP nEsargika_NN sOMxarya_NN Apako_PRP aBiBUwa_NN kara_VM xegA_VAUX ._SYM "
hin_065 " yaha_PRP eka_QC nijI_NN saMgrahAlaya_NN hE_VM ._SYM "
hin_066 " yahAz_PRP hEMdIkrAPta_NN kI_PSP amUlya_NN XarohareM_PSP saMgqhiwa_NN hEM_VM ._SYM "
hin_067 " yaha_DEM jagaha_NN kaBI_PRP jEsalamera_NN kI_PSP rAjaXAnI_NN huA_VM karawI_VAUX WI_VAUX ._SYM "
hin_068 " isake_PRP pAsa_NST hI_RP viSAla_JJ bAzXa_NN hE_VM ._SYM "
hin_069 " yaha_DEM pUrA_JJ ilAkA_NN nEsargika_PSP sOMxarya_NN se_PSP paripUrNa_NN hE_VM ._SYM "
hin_070 " mugaloM_NN kA_PSP yaha_PRP sabase_INTF pasaMxIxA_JJ Sahara_NN rahA_VM hE_VAUX ._SYM "
hin_071 " iwihAsa_NN BI_RP kuCa_QF kahawA_VM hE_VAUX -_SYM "
hin_072 " SukravAra_NN ke_PSP xina_NN isakA_PRP muKya_JJ xvAra_NN baMxa_PSP rahawA_VM hE_VAUX ._SYM "
hin_073 " isakA_PRP nirmANa_NN 1565_PSP "_SYM I._PSP meM_PSP akabara_NN ne_PSP karavAyA_NN WA_VM ._SYM "
hin_074 " sAzcI_NN ,_SYM JAzsI_NN -_SYM itArasI_NN relamArga_PSP para_PSP sWiwa_JJ hE_VM ._SYM "
hin_075 " BopAla_JJ se_DEM sAzcI_DEM kI_DEM xUrI_DEM mAwra_DEM 46_DEM "_SYM kimI_DEM hE_DEM ._SYM "
hin_076 " BopAla_JJ se_DEM tEksiyAz_DEM Ora_DEM baseM_DEM upalabXa_DEM hEM_DEM ._SYM "
hin_077 " kahAz_NN TahareM_PSP ?_SYM "
hin_078 " sAzcI_NN meM_PSP Taharane_NN ke_PSP lie_PSP aneka_QF suviXAez_NN hEM_VM ._SYM "
hin_079 " nakalI_NN gAidoM_PSP Ora_CC xalAloM_NN se_PSP sAvaXAna_NN raheM_PSP ._SYM "
hin_080 " ina_DEM paryatakoM_NN meM_PSP kuCa_QF sirPa_RB GUmane_NN Awe_VM hEM_VAUX ._SYM "
hin_081 " ciw‍wOdZa_NN kA_PSP kilA_NN eka_QC pahAdZI_NN para_PSP sWiwa_JJ hE_VM ._SYM "
hin_082 " yahAz_PRP eka_QC CotA_JJ -_SYM sA_RP rahavAsI_VM mohal‍lA_VAUX BI_RP hE_VM ._SYM "
hin_083 " isa_DEM nO_QC maMjilA_NN s‍waMBa_PSP meM_PSP lagaBaga_RB 157_NN "_SYM sIDiyAz_NN hEM_VM ._SYM "
hin_084 " nOvIM_NN maMjila_PSP para_PSP KUbasUrawa_NN JaroKe_PSP hEM_VM ._SYM "
hin_085 " yaha_DEM s‍waMBa_NN praWama_QO jEna_NN wIrWaMkara_PSP AxinAWajI_NN ko_PSP samarpiwa_NN hE_VM ._SYM "
hin_086 " vAs‍wava_NN meM_PSP yaha_DEM maMxira_XC BagavAna_NN SrIkqR‍Na_PSP kA_PSP hE_VM ._SYM "
hin_087 " kile_NN meM_PSP gOmuKa_NN nAmaka_JJ eka_QC wAla_NN hE_VM ._SYM "
hin_088 " isalie_CC wAlAba_NN ko_PSP gOmuKa_NN nAma_NN xiyA_VM gayA_VAUX hE_VAUX ._SYM "
hin_089 " PilahAla_NN yahAz_PRP havAI_XC addA_NN nahIM_NEG hE_VM ._SYM "
hin_090 " isa_PRP xOrAna_NST yahAz_PRP kA_PSP mOsama_NN bahuwa_QF ac‍CA_NN howA_VM hE_VAUX ._SYM "
hin_091 " ciwwOdZa_NN eka_QC CotA_JJ ,_SYM SAMwa_JJ Ora_CC sas‍wA_NN Sahara_NN hE_VM ._SYM "
hin_092 " ise_PRP '_SYM arorA_PSP borelisa_NN '_SYM kahawe_VM hEM_VAUX ._SYM "
hin_093 " yaha_DEM gAzva_NN saMsAra_NN kA_PSP sabase_INTF uwwarI_JJ gAzva_NN hE_VM ._SYM "
hin_094 " agale_NN xina_NN hama_PRP loga_NN trAmso_PSP pahuzce_NN ._SYM "
hin_095 " Arkatika_NN sarkala_PSP eka_QC kAlpanika_JJ reKA_NN hE_VM ._SYM "
hin_096 " agale_NN xina_NN hama_PRP loga_NN oldena_PSP pahuzce_NN ._SYM "
hin_097 " briksadalena_NN gleSiyara_PSP lAKoM_NN sAla_NN purAnA_JJ hE_VM ._SYM "
hin_098 " jostedalsabrIna_NN gleSiyara_PSP uwwarI_JJ yorapa_NN kA_PSP sabase_INTF badZA_JJ gleSiyara_NN hE_VM ._SYM "
hin_099 " yahAz_PRP gIwa_NN gAwe_PSP hEM_VM ,_SYM paw‍Wara_VAUX BI..._VAUX ._SYM "
hin_100 " BArawIya_JJ s‍WApaw‍ya_NN kA_PSP bejoda_NN uxAharaNa_NN KajurAho_PSP ke_PSP pramuKa_JJ maMxira_NN ._SYM "
