tel_001 " xAxApu_RB anni_QF samayAlalonU_NN '_SYM koVMgunAdu_NN '_SYM oVka_JJ viSiRtamEna_NN svawaMwra_NN prawipawwini_NN nilupukoVMxi_NN ._SYM "
tel_002 " vyavasAya_NN praXAnamEna_JJ I_NNP prAMwAlalo_NNP ippatikI_NNP sAMskqwika_NNP vilakRaNawa_NNP kanipiswuMxi_NNP ._SYM "
tel_003 " krI_NN ._SYM pU._NN 6_NN "va_NN SawAbxaMlo_NN maxurE_NN ,_SYM wirunalveli_NN keMxraMgA_NN kulaSeKarudu_NN sWApiMcina_NN pAMdyarAjyaM_NN varWilliMxi_NN ._SYM "
tel_004 " vAri_PRP kAlaMlo_NN grIsu_NN ,_SYM romulawo_NN vANijya_NN saMbaMXAlu_NN uMdevi_NN ._SYM "
tel_005 " waruvAwa_RB cera_NN malabAru_NN wIra_NN prAMwaMlo_NN rAjyaM_NN elAru_NN ._SYM "
tel_006 " ixi_PRP sEnikaMgA_NN balamEna_NN rAjyaM_NN ._SYM "
tel_007 " vAri_PRP kAlaMlo_NN roMwo_NN vANijyaM_NN mariMwa_QF aBivqxXiceVMxiMxi_NN ._SYM "
tel_008 " krI.Sa._NN 19_NN "_SYM va_NN SawAbxaM_NN ,_SYM 14_NN "_SYM va_NN SawAbxaMvaraku_NN colYarAjulu_NN pAliMcAru_NN ._SYM "
tel_009 " karikAla_NN colYudu_NN vArilo_NN prasixXudu_NN ._SYM "
tel_010 " A_DEM kAlaMlone_NN kAveri_NN naxipE_NN Anakatta_NN kattAru_NN ._SYM "
tel_011 " ixi_PRP appati_NST sAMkewikawa_NN prajFaku_NN cihnaM_NN ._SYM "
tel_012 " 4_NN "_SYM va_NN SawAbxaMlo_NN xakRiNApaWaMaMwA_NN pallavula_NN aXInaMlo_NN uMxi_VM ._SYM "
tel_013 " maheMxra_NN varma_NN ,_SYM narasiMha_NNP varma_NN vIrilo_NN prasixXulu_NN ._SYM "
tel_014 " ixi_PRP xakRiNApaWaMlo_NN SilpAniki_NN svarNayugaM_NN ._SYM "
tel_015 " waruvAwa_RB awani_PRP kumArudu_NN rAjeMxracolYuni_NN nAyakawvaMlo_NN ,_SYM colYula_NN rAjyaM_NN balaMgA_NN viswariMciMxi_VM ._SYM "
tel_016 " colYula_NN sAmrAjyaM_NN oVrissA_NNP ,_SYM beVMgAlu_NN ,_SYM bIhArulavaraku_NN viswariMciMxi_VM ._SYM "
tel_017 " wUrpu_NN cAlYukyulanu_NN ,_SYM cerarAjulanu_NN ,_SYM pAMdyarAjulanu_NN odiMcAru_NN ._SYM "
tel_018 " laMka_NN ,_SYM aMdamAn_NN -_SYM nikobAr_NN xIvulu_NN ,_SYM lakRa_NN xvIpAlu_NN ,_SYM sumawrA_NN ,_SYM jAvA_NN ,_SYM malayA_NN ,_SYM peVgU_NN xvIpAlanu_NN colYarAjulu_NN wama_PRP aXInaMloki_NN weVccukoVnnAru_NN ._SYM "
tel_019 " 13_NN "_SYM va_NN SawAbxaMlo_NN colYula_NN pAlana_NN aswamiMciMxi_NN ._SYM "
tel_020 " 14_NN "_SYM va_NN SawAbxaMlo_NN marala_NN moVxalEna_NN pAMdyarAjula_NN pAlana_NN uwwarAxinuMdi_NN '_SYM KiljI_NN '_SYM xaMdayAwralavalana_NN wvaralone_NN aMwariMciMxi_NN ._SYM "
tel_021 " waruvAwa_RB xakkan_NN prAMwaMlo_NN bahamanI_NN sulwAnula_NN rAjyaM_NN velYlUnukuMxi_NN ._SYM "
tel_022 " waxanaMwaraM_NN haMpi_NN keMxraMgA_NN vijayanagara_NNP sAmrAjyaM_NN xakRiNApaWaM_NN aMwA_QF nadaciMxi_NN ._SYM "
tel_023 " vAru_PRP nAyakar_NN ,_SYM nAyagan_NN nAyakula_NN sahAyaMwo_NN elubadi_NN sAgiMcaru_NN ._SYM "
tel_024 " 1564_NN "lo_NN walYlikota_NN yuxXaMwo_NN vijayanagarasAmrAjyaM_NN aMwariMciMxi_NN ._SYM "
tel_025 " wamilYanAta_NN cAlA_INTF prAMwAlu_NN svawaMwra_NN nAyakula_NN aXInaMlo_NN cinna_JJ cinna_JJ rAjyAlugA_NN unnAyi_VM ._SYM "
tel_026 " maxurE_NN ,_SYM waMjAvUru_NNP nAyakulu_NN goVppa_JJ AlayAlu_NN nirmiMpajeSAru_NN ._SYM "
tel_027 " ika_RP EropAvAri_NN yugaM_NN AraMBaM_NN EMxi_NN ._SYM "
tel_028 " 1609_NN "lo_NN daccivAru_NN pulikAtvaxxa_NN oVka_JJ sWAvarAnni_NN erpAtu_NN cesukoVnnAru_NN ._SYM "
tel_029 " 1639_NN "lo_NN britiR_NN IstiMdiyA_NN kaMpeVnIvAru_NN maxrAsulo_NNP sWAvaraM_NN neVlakoVlipAru_NN ._SYM "
tel_030 " sWAnika_NN nAyakula_NN maXya_NST wagavulu_NN britiRvAri_NN viswaraNaku_NN maMci_JJ avakASaM_NN iccAyi_NN ._SYM "
tel_031 " appatinuMdi_RB maxrAsu_NNP preVsideVnsI_NN rUpuxixxukuMxi_NN ._SYM "
tel_032 " vIrapAMdya_NN kattaboVmmana_NN ,_SYM mAruwus_NN ,_SYM puliwevan_NN vaMti_RP koVMxaru_NN pAleVgAlYlu_NN britiR_NN IstiMdiyA_NN kaMpeVnIni_NN eVxiriMci_NN vIrociwaMgA_NN porAdAru_NN ._SYM "
tel_033 " britiR_NN rAjyaM_NN kAlaMlo_NN viSAlamEna_NN maxrAsu_NNP preVsideVnsIlo_NN ippati_NST wamilYanAduwobAtu_NN AMXra_NNP ,_SYM karNAtaka_NNP ,_SYM keralYalaloni_NN koVnni_QF BAgAlu_NN kalisivuMdevi_NN ._SYM "
tel_034 " BARA_NN prAwipaxikana_NN 1953_NN "lo_NN weVlugu_NN mAtlAde_VM prAMwAlanu_NN AMXra_NNP rARtraMgA_NN viBajiMcAru_NN ._SYM "
tel_035 " balYlAri_NN prAMwaM_NN mEsUru_NN rARtraMlo_NN kalupabadiMxi_NN ._SYM "
tel_036 " 1956_NN "lo_NN maxrAsu_NNP rARtraMloni_NN paScimaBAgAlu_NN koVnni_QF keralYa_NN ,_SYM mEsUru_NN rARtrAlalo_NN kalupabaddAyi_NN ._SYM "
tel_037 " 1968_NN "lo_NN maxrAsu_NNP rARtrAniki_NN "_SYM wamilYanAdu_NN "_SYM ani_UT peru_NN mArcAru_VM ._SYM "
tel_038 " wamilYa_NN BARa_NN ,_SYM saMskqwi_NNP wamilYanAdu_NN rAjakIyAlalo_NN ippatikI_NST praXAnamEna_JJ aMSAlu_NNS ._SYM "
tel_039 " loksaBa_NN niyojaka_NN vargAlu_NN 39_NN "_SYM ._SYM "
tel_040 " aseVMblI_NN niyojaka_NN vargAlu_NN 234_NN "_SYM ._SYM "
tel_041 " 1967_NN "lo_NN prAMwIya_NN pArtIlu_NN wamilYanAdu_NN rAjakIyAlalo_NN pramuKa_JJ sWAnAnni_NN vahiswunnAyi_NN ._SYM "
tel_042 " 1916_NN "lo_NN erpadina_NN xakRiNa_NN BArawa_NNP saMkRema_NN saMGaM_NN kramaMgA_RB '_SYM jastis_NN pArtI_NN avawariMciMxi_NN ._SYM "
tel_043 " ixi_PRP rAjakIya_NN pArtI_NN kAxu_NEG ._SYM "
tel_044 " appati_NST nAyakulu_NN annAxurE_NN ,_SYM peVriyArla_NN maXya_NST viBexAla_NN kAraNaMgA_NN I_DEM pArtI_NN reVMdugA_NN cIliMxi_NN ._SYM "
tel_045 " annAxurE_NN nAyakawvaMlo_NN '_SYM xravida_NN munnetra_NN kajagaM_NN '_SYM pArtI_NN 1956_NN "_SYM eVnnikalaloki_NN xigiMxi_NN ._SYM "
tel_046 " 1960_NN "_SYM xaSakaMlo_NN jarigina_VM hiMxI_NN vyawireka_NN AMxolYana_NN samayaMlo_NN di._NN yam_NN ._SYM keV_NN balaM_NN puMjukuMxi_NN ._SYM "
tel_047 " 1967_NN "lo_NN kAMgresunu_NN ciwwugA_NN odiMci_NN aXikAraM_NN kEvasaM_NN cesukuMxi_NN ._SYM "
tel_048 " 1969_NN "lo_NN annAxurE_NN maraNiMcadaMwo_NN muKyamaMwri_NN ayyAdu_VM ._SYM "
tel_049 " 1977_NN "nuMci_NN 1987_NN "xAkA_NN eVm._NN ji._NN Ar._NN muKyamaMwrigA_NN unnAdu_VM ._SYM "
tel_050 " 1987_NN "lo_NN eVm._NN ji._NN Ar._NN maraNAnaMwaraMwo_NN pArtIlo_NN saMkRoBaM_NN erpadiMxi_VM ._SYM "
tel_051 " jayalaliwa_NN nAyakawvaMlo_NN eV.E.F.di.eVm.keV._NN sWirapadiMxi_NN ._SYM "
tel_052 " SrI_NNP laMkaloni_NN wamilYula_NN samasya_NN wamilYanAdu_NN rAjakIyAlapE_NN gaNanIyamEna_NN praBAvaM_NN kaligiuMxi_NN ._SYM "
tel_053 " boVMbAyi_NN (bAlIvud)_NN waruvAwa_RB ceVnnE_NNP BArawaxeSaMlo_NNP sinimA_NN raMgAniki_NN muKyamEna_JJ nilayaM_NN ._SYM "
tel_054 " sinimA_NN raMgAniki_NN saMbaMXiMcina_VM saxupAyAlu_NN eVkkuvagA_JJ '_SYM kodaMbAkaM_NN '_SYM prAMwaMlo_NN unnaMxuna_NN wamilYanAdu_NN sinimA_NN raMgAnni_NN '_SYM kolIvud_NN '_SYM ani_UT camawkariswAru_NN ._SYM "
tel_055 " oVkappudu_NST nAlugu_QC xakRiNa_NN BArawa_NNP BARalakU_NN maxrAse_NN praXAna_JJ sinimA_NN pariSrama_NN keMxraM_NN ._SYM "
tel_056 " ippudu_NST wakkina_NN rARtrAlalo_NN ciwra_NN pariSrama_NN vqxXi_NN ceVMxinaMxuvalla_NN '_SYM ceVnnE_NNP '_SYM prAmuKyawa_NN kAswa_NN palacabadiMxi_NN ._SYM "
tel_057 " ika_RP wamilYanAdu_NN rAjakIyAlalo_NN sinimA_NN praBAvaM_NN prapaMcaMlo_NN mari_RP eVkkada_NN lenaMwa_NN prabalaM_NN ._SYM "
tel_058 " xAxApu_RB sinIpariSrama_NN ,_SYM rAjakIya_NN raMgaM_NN kalagalipi_NN uMtunnAyi_NN ._SYM "
tel_059 " BArawa_NNP xeSaM_NN ArWika_NN vyavasWalo_NN wamilYanAdu_NN mUdava_JJ sWAnaM_NN AkramiswuMxi_NN ._SYM "
tel_060 " pAriSrAmikaM_NN gAnU_NN ,_SYM vyApAra_NN paraMgAnU_NN wamilYanAdu_NN bahumuKaMgA_NN aBivqxXi_NN ceVMxiMxi_VM ._SYM "
tel_061 " vaswrAlaku_NN saMbaMXiMcina_VM vyavasAyowpawwulu_NN ,_SYM yaMwrAlu_NN ,_SYM mudisarukulu_NN ,_SYM vaswrAla_NN karmAgArAlu_NN ,_SYM cenewa_NN kArmikulu_NN wamilYanAdu_NN ArWikA_NN raMgaMlo_NN muKyamEna_JJ vanarulu_NN ._SYM "
tel_062 " oVkka_JJ wirupUr_NN pattaNaMnuMde_NN 2004_NN "lo_NN 5_NN "_SYM vela_QC kotla_NN viluvEna_NN vaswrAlu_NN vixeSAlaku_NN eVgumawi_NN ayyAyi_NN ._SYM "
tel_063 " ikkada_NST 7_NN ",000_NN "_SYM xuswula_NN pariSramalu_NN 10_NN "_SYM lakRala_NN kArmikulaku_NN upAXi_NN kalpiswuMxi_NN ._SYM "
tel_064 " ceVnnE_NNP cuttuprakkala_NN iMjinIriMg_NN uwpawwula_NN pariSramalu_NN iwoXikaMgA_NN unnAyi_VM ._SYM "
tel_065 " SivakASi_NN pattaNaM_NN muxraNa_NN ,_SYM bANasaMcA_NN ,_SYM aggipeVtteVla_NN pariSramalaku_NN BArawaxeSaMlo_NNP agragAmi_NN ._SYM "
tel_066 " I_DEM -_SYM paripAlana_NN praBuwva_NN sevalanu_NN kaMpyUtarIkariMcadaMlo_NN wamilYanAdu_NN agragAmi_NN ._SYM "
tel_067 " iMkA_INTF ceVnnE_NNP vExya_NNP pariSoXana_NNP ,_SYM vixyA_NNP keMxraMgA_NNP aBivqxXi_NNP ceVMxuwuMxi_NNP ._SYM "
tel_068 " muKyaMgA_NN prAWamika_NN vixyaku_NN praBuwva_NN XanaM_NN bAgA_JJ viniyogiMpabaduwU_NN uMxi_VM ._SYM "
tel_069 " '_SYM badi_NN pillalaku_NN maXyAhna_NN BojanaM_NN '_SYM ane_UT paWakaM_NN wamilYanAdulone_NN prAraMBaM_NN EMxi_NN ._SYM "
tel_070 " ika_RP sAmAjika_NN aMSAlalo_NN veVnukabAtuwanaM_NN koVnni_QF viRayAlalo_NN koVttavaccinatlu_NN kanipiswuMxi_VM ._SYM "
tel_071 " ninna_NN mAtlAdina_NN rAmArAvu_NNP nA_PRP snehiwudu_NN ._SYM "
tel_072 " UriniMci_NN oVccina_NN nalYini_NN mA_PRP ceVlleVlu_NN ._SYM "
tel_073 " ninna_NN pArkulo_NN kanipiMcina_NN dAkatarugAru_NN cAlA_INTF peVxxamaniRi_NN ._SYM "
tel_074 " pani_NN cesina_VM rAmmUrwi_NN maMcivAdu_NN ._SYM "
tel_075 " rAmmUrwi_NN cesina_VM pani_NN bAgA_JJ lexu_VM ._SYM "
tel_076 " pAta_NN pAdina_NN saroja_NN mARtArugAri_NN ammAyi_NN ._SYM "
tel_077 " saroja_NN pAdina_NN pAta_NN cAlA_INTF bAguMxi_VM ._SYM "
tel_078 " kAru_NN koVnna_NN proVPeVsarugAru_NN jarmanI_NNP veVlYlAru_NN ._SYM "
tel_079 " proVPeVsarugAru_NN koVnna_NN kAru_NN koVwwaxi_NN ._SYM "
tel_080 " uwwaraM_NN rAsina_VM nA_PRP snehiwudu_NN guMtUrulo_NN unnAdu_VM ._SYM "
tel_081 " nA_PRP snehiwudu_NN rAsina_VM uwwaraM_NN ceriMxi_VM ._SYM "
tel_082 " SaMkarayya_NN wAguwAdu_NN ._SYM "
tel_083 " wAge_NN SaMkarayya_NN ._SYM "
tel_084 " SaMkarayya_NN rojU_NN wAguwAdu_NN ._SYM "
tel_085 " rojU_NN wAge_NN SaMkarayya_NN ._SYM "
tel_086 " prawi_JJ saMvawsaraM_NN eVnnikalu_NN jaruguwAy_NN ._SYM "
tel_087 " jarige_VM eVnnikalu_NN ._SYM "
tel_088 " eVnnikalu_NN malYlI_RB jaruguwAy_NN ._SYM "
tel_089 " malYlI_RB jarige_VM eVnnikalu_NN ._SYM "
tel_090 " ammAyi_NN eduswuMxi_NN ._SYM "
tel_091 " edice_NN ammAyi_NN mA_PRP ammAyi_NN ._SYM "
tel_092 " ammAyi_NN eVppudU_WQ eduswuMxi_NN ._SYM "
tel_093 " eVppudU_WQ edice_NN ammAyi_NN mA_PRP ammAyi_NN ._SYM "
tel_094 " kamala_NN kaXalu_NN rAswuMxi_NN ._SYM "
tel_095 " kaXalu_NN rAse_VM kamala_NN mA_PRP ammAyi_NN ._SYM "
tel_096 " kamala_NN rAse_VM kaXalu_NN maMcivi_NN ._SYM "
tel_097 " devid_NN maMxulu_NN ammuwAdu_NN ._SYM "
tel_098 " maMxulu_NN amme_NN devid_NN mA_PRP wammudu_NN ._SYM "
tel_099 " devid_NN amme_NN maMxulu_NN maMcivi_NN ._SYM "
tel_100 " pillalu_NN Atalu_NN AdawAru_NN ._SYM "